<?xml version="1.0" encoding="UTF-8"?>
<testng-results ignored="0" total="1" passed="1" failed="0" skipped="0">
  <reporter-output>
  </reporter-output>
  <suite started-at="2021-10-13T09:46:16 IST" name="sample test suite" finished-at="2021-10-13T09:46:57 IST" duration-ms="41125">
    <groups>
    </groups>
    <test started-at="2021-10-13T09:46:16 IST" name="Login Test" finished-at="2021-10-13T09:46:57 IST" duration-ms="41125">
      <class name="com.selenium.example.Example2">
        <test-method is-config="true" signature="Loginbase()[pri:0, instance:com.selenium.example.Example2@20ccf40b]" started-at="2021-10-13T09:46:16 IST" name="Loginbase" finished-at="2021-10-13T09:46:33 IST" duration-ms="17530" status="PASS">
          <reporter-output>
          </reporter-output>
        </test-method> <!-- Loginbase -->
        <test-method signature="ValidLogin()[pri:0, instance:com.selenium.example.Example2@20ccf40b]" started-at="2021-10-13T09:46:33 IST" name="ValidLogin" finished-at="2021-10-13T09:46:45 IST" duration-ms="11600" status="PASS">
          <reporter-output>
          </reporter-output>
        </test-method> <!-- ValidLogin -->
        <test-method is-config="true" signature="Closewindow()[pri:0, instance:com.selenium.example.Example2@20ccf40b]" started-at="2021-10-13T09:46:45 IST" name="Closewindow" finished-at="2021-10-13T09:46:57 IST" duration-ms="11874" status="PASS">
          <reporter-output>
          </reporter-output>
        </test-method> <!-- Closewindow -->
      </class> <!-- com.selenium.example.Example2 -->
    </test> <!-- Login Test -->
  </suite> <!-- sample test suite -->
</testng-results>
